#
# There is insufficient memory for the Java Runtime Environment to continue.
# Native memory allocation (malloc) failed to allocate 70240 bytes for Chunk::new
# Possible reasons:
#   The system is out of physical RAM or swap space
#   The process is running with CompressedOops enabled, and the Java Heap may be blocking the growth of the native heap
# Possible solutions:
#   Reduce memory load on the system
#   Increase physical memory or swap space
#   Check if swap backing store is full
#   Decrease Java heap size (-Xmx/-Xms)
#   Decrease number of Java threads
#   Decrease Java thread stack sizes (-Xss)
#   Set larger code cache with -XX:ReservedCodeCacheSize=
#   JVM is running with Unscaled Compressed Oops mode in which the Java heap is
#     placed in the first 4GB address space. The Java Heap base address is the
#     maximum limit for the native heap growth. Please use -XX:HeapBaseMinAddress
#     to set the Java Heap base and to place the Java Heap above 4GB virtual address.
# This output file may be truncated or incomplete.
#
#  Out of Memory Error (allocation.cpp:389), pid=2904, tid=0x0000000000008498
#
# JRE version: OpenJDK Runtime Environment (8.0_202-b03) (build 1.8.0_202-release-1483-b03)
# Java VM: OpenJDK 64-Bit Server VM (25.202-b03 mixed mode windows-amd64 compressed oops)
# Failed to write core dump. Minidumps are not enabled by default on client versions of Windows
#

---------------  T H R E A D  ---------------

Current thread (0x00000000169e9800):  JavaThread "C2 CompilerThread0" daemon [_thread_in_native, id=33944, stack(0x0000000018050000,0x0000000018150000)]

Stack: [0x0000000018050000,0x0000000018150000]
[error occurred during error reporting (printing stack bounds), id 0xc0000005]

Native frames: (J=compiled Java code, j=interpreted, Vv=VM code, C=native code)


Current CompileTask:
C2:  74417 6284   !   4       sun.nio.fs.WindowsPath::initOffsets (153 bytes)


---------------  P R O C E S S  ---------------

Java Threads: ( => current thread )
  0x000000001c536000 JavaThread "Execution worker for ':' Thread 3" [_thread_new, id=34600, stack(0x0000000000000000,0x0000000000000000)]
  0x000000001c535800 JavaThread "Execution worker for ':' Thread 2" [_thread_in_vm, id=32820, stack(0x00000000240b0000,0x00000000241b0000)]
  0x000000001c52d800 JavaThread "Execution worker for ':'" [_thread_in_vm, id=26736, stack(0x0000000023fb0000,0x00000000240b0000)]
  0x000000001c534800 JavaThread "Cache worker for file content cache (C:\Users\jack2\cosc435\todosapp\.gradle\5.4.1\fileContent)" [_thread_blocked, id=28772, stack(0x00000000237f0000,0x00000000238f0000)]
  0x000000001c534000 JavaThread "Cache worker for file content cache (C:\Users\jack2\.gradle\caches\5.4.1\fileContent)" [_thread_blocked, id=33632, stack(0x00000000236f0000,0x00000000237f0000)]
  0x000000001c533000 JavaThread "Memory manager" [_thread_blocked, id=21496, stack(0x00000000235f0000,0x00000000236f0000)]
  0x000000001c530000 JavaThread "Cache worker for Build Output Cleanup Cache (C:\Users\jack2\cosc435\todosapp\.gradle\buildOutputCleanup)" [_thread_blocked, id=19736, stack(0x0000000022af0000,0x0000000022bf0000)]
  0x000000001c52f000 JavaThread "Build operations Thread 4" [_thread_blocked, id=32924, stack(0x00000000223f0000,0x00000000224f0000)]
  0x000000001c532000 JavaThread "Build operations Thread 3" [_thread_blocked, id=32360, stack(0x00000000222f0000,0x00000000223f0000)]
  0x000000001c52c000 JavaThread "Build operations Thread 2" [_thread_blocked, id=22412, stack(0x0000000021170000,0x0000000021270000)]
  0x000000001c52e800 JavaThread "Build operations" [_thread_blocked, id=2748, stack(0x0000000021070000,0x0000000021170000)]
  0x000000001c531800 JavaThread "Cache worker for execution history cache (C:\Users\jack2\.gradle\caches\5.4.1\executionHistory)" [_thread_blocked, id=32912, stack(0x000000001fbc0000,0x000000001fcc0000)]
  0x000000001c530800 JavaThread "Cache worker for cache directory md-rule (C:\Users\jack2\.gradle\caches\5.4.1\md-rule)" [_thread_blocked, id=32096, stack(0x000000001fac0000,0x000000001fbc0000)]
  0x000000001910f800 JavaThread "Cache worker for cache directory md-supplier (C:\Users\jack2\.gradle\caches\5.4.1\md-supplier)" [_thread_blocked, id=35956, stack(0x000000001dd00000,0x000000001de00000)]
  0x0000000019113800 JavaThread "Cache worker for file hash cache (C:\Users\jack2\cosc435\todosapp\.gradle\5.4.1\fileHashes)" [_thread_blocked, id=30872, stack(0x000000001cb70000,0x000000001cc70000)]
  0x0000000019111000 JavaThread "Cache worker for journal cache (C:\Users\jack2\.gradle\caches\journal-1)" [_thread_blocked, id=18352, stack(0x000000001b8a0000,0x000000001b9a0000)]
  0x0000000019115000 JavaThread "File lock request listener" [_thread_in_native, id=28340, stack(0x000000001b4a0000,0x000000001b5a0000)]
  0x0000000018f3e000 JavaThread "Cache worker for file hash cache (C:\Users\jack2\.gradle\caches\5.4.1\fileHashes)" [_thread_blocked, id=36208, stack(0x000000001b3a0000,0x000000001b4a0000)]
  0x0000000018c3f800 JavaThread "Thread-9" [_thread_blocked, id=24752, stack(0x000000001b2a0000,0x000000001b3a0000)]
  0x0000000018e61800 JavaThread "Stdin handler" [_thread_blocked, id=468, stack(0x000000001b1a0000,0x000000001b2a0000)]
  0x0000000018e4d000 JavaThread "Asynchronous log dispatcher for DefaultDaemonConnection: socket connection from /127.0.0.1:49926 to /127.0.0.1:49927" [_thread_blocked, id=36056, stack(0x000000001b0a0000,0x000000001b1a0000)]
  0x0000000019b3b000 JavaThread "Daemon worker" [_thread_in_native, id=33508, stack(0x000000001afa0000,0x000000001b0a0000)]
  0x0000000019b54000 JavaThread "Cancel handler" [_thread_blocked, id=26988, stack(0x000000001aea0000,0x000000001afa0000)]
  0x000000001913e000 JavaThread "Handler for socket connection from /127.0.0.1:49926 to /127.0.0.1:49927" [_thread_in_native, id=35600, stack(0x000000001aba0000,0x000000001aca0000)]
  0x000000001913b000 JavaThread "Daemon" [_thread_blocked, id=27860, stack(0x000000001aaa0000,0x000000001aba0000)]
  0x00000000184dd800 JavaThread "Daemon periodic checks" [_thread_blocked, id=33924, stack(0x000000001a9a0000,0x000000001aaa0000)]
  0x00000000184db000 JavaThread "Incoming local TCP Connector on port 49926" [_thread_in_native, id=13368, stack(0x000000001a760000,0x000000001a860000)]
  0x00000000197aa800 JavaThread "Daemon health stats" [_thread_blocked, id=25648, stack(0x000000001a120000,0x000000001a220000)]
  0x0000000016a4e000 JavaThread "Service Thread" daemon [_thread_blocked, id=12580, stack(0x0000000018750000,0x0000000018850000)]
  0x0000000018258800 JavaThread "C1 CompilerThread2" daemon [_thread_blocked, id=13744, stack(0x0000000018650000,0x0000000018750000)]
  0x0000000016a43800 JavaThread "C2 CompilerThread1" daemon [_thread_in_native, id=5728, stack(0x0000000018150000,0x0000000018250000)]
=>0x00000000169e9800 JavaThread "C2 CompilerThread0" daemon [_thread_in_native, id=33944, stack(0x0000000018050000,0x0000000018150000)]
  0x00000000169f7000 JavaThread "Attach Listener" daemon [_thread_blocked, id=24428, stack(0x0000000017f50000,0x0000000018050000)]
  0x00000000169f6000 JavaThread "Signal Dispatcher" daemon [_thread_blocked, id=32464, stack(0x0000000017e50000,0x0000000017f50000)]
  0x000000000307c000 JavaThread "Finalizer" daemon [_thread_blocked, id=20672, stack(0x0000000017c60000,0x0000000017d60000)]
  0x00000000169d9000 JavaThread "Reference Handler" daemon [_thread_blocked, id=27344, stack(0x0000000017b60000,0x0000000017c60000)]
  0x0000000002eee800 JavaThread "main" [_thread_blocked, id=31476, stack(0x0000000002de0000,0x0000000002ee0000)]

Other Threads:
  0x00000000169b6000 VMThread [stack: 0x0000000017a60000,0x0000000017b60000] [id=35884]
  0x0000000018259000 WatcherThread [stack: 0x0000000018850000,0x0000000018950000] [id=9632]

VM state:not at safepoint (normal execution)

VM Mutex/Monitor currently owned by a thread: None

heap address: 0x00000000a0000000, size: 1536 MB, Compressed Oops mode: 32-bit
Narrow klass base: 0x0000000000000000, Narrow klass shift: 3
Compressed class space size: 1073741824 Address: 0x0000000100000000

Heap:
 PSYoungGen      total 209920K, used 44066K [0x00000000e0000000, 0x00000000eea80000, 0x0000000100000000)
  eden space 192512K, 22% used [0x00000000e0000000,0x00000000e2b08a60,0x00000000ebc00000)
  from space 17408K, 0% used [0x00000000ebc00000,0x00000000ebc00000,0x00000000ecd00000)
  to   space 22016K, 0% used [0x00000000ed500000,0x00000000ed500000,0x00000000eea80000)
 ParOldGen       total 141312K, used 36649K [0x00000000a0000000, 0x00000000a8a00000, 0x00000000e0000000)
  object space 141312K, 25% used [0x00000000a0000000,0x00000000a23ca450,0x00000000a8a00000)
 Metaspace       used 59692K, capacity 61502K, committed 61784K, reserved 1101824K
  class space    used 8074K, capacity 8524K, committed 8576K, reserved 1048576K

Card table byte_map: [0x0000000012440000,0x0000000012750000] byte_map_base: 0x0000000011f40000

Marking Bits: (ParMarkBitMap*) 0x000000006d4e9f30
 Begin Bits: [0x0000000012d50000, 0x0000000014550000)
 End Bits:   [0x0000000014550000, 0x0000000015d50000)

Polling page: 0x0000000001110000

CodeCache: size=245760Kb used=18704Kb max_used=18704Kb free=227055Kb
 bounds [0x0000000003080000, 0x00000000042e0000, 0x0000000012080000]
 total_blobs=6532 nmethods=5747 adapters=698
 compilation: enabled

Compilation events (10 events):
Event: 74.145 Thread 0x0000000018258800 nmethod 6280 0x00000000042ce890 code [0x00000000042cea40, 0x00000000042cf078]
Event: 74.145 Thread 0x0000000018258800 6281       3       org.gradle.execution.plan.Node::isComplete (56 bytes)
Event: 74.145 Thread 0x0000000018258800 nmethod 6281 0x00000000042d2050 code [0x00000000042d21c0, 0x00000000042d2490]
Event: 74.235 Thread 0x0000000018258800 6282       1       org.gradle.api.internal.artifacts.transform.TransformationNode::isPublicNode (2 bytes)
Event: 74.235 Thread 0x0000000018258800 nmethod 6282 0x00000000042d2510 code [0x00000000042d2660, 0x00000000042d2770]
Event: 74.259 Thread 0x0000000018258800 6283       3       com.google.common.cache.LocalCache$Segment::newEntryArray (9 bytes)
Event: 74.259 Thread 0x0000000018258800 nmethod 6283 0x00000000042d27d0 code [0x00000000042d2940, 0x00000000042d2c50]
Event: 74.360 Thread 0x00000000169e9800 6284   !   4       sun.nio.fs.WindowsPath::initOffsets (153 bytes)
Event: 74.379 Thread 0x0000000018258800 6285       3       org.gradle.cache.internal.filelock.DefaultLockStateSerializer$SequenceNumberLockState::<init> (21 bytes)
Event: 74.379 Thread 0x0000000018258800 nmethod 6285 0x00000000042d2d90 code [0x00000000042d2ee0, 0x00000000042d3090]

GC Heap History (10 events):
Event: 43.659 GC heap before
{Heap before GC invocations=8 (full 1):
 PSYoungGen      total 122368K, used 119136K [0x00000000e0000000, 0x00000000e9400000, 0x0000000100000000)
  eden space 114176K, 97% used [0x00000000e0000000,0x00000000e6c932b0,0x00000000e6f80000)
  from space 8192K, 97% used [0x00000000e8c00000,0x00000000e93c5068,0x00000000e9400000)
  to   space 11776K, 0% used [0x00000000e7d00000,0x00000000e7d00000,0x00000000e8880000)
 ParOldGen       total 58368K, used 11108K [0x00000000a0000000, 0x00000000a3900000, 0x00000000e0000000)
  object space 58368K, 19% used [0x00000000a0000000,0x00000000a0ad9218,0x00000000a3900000)
 Metaspace       used 34627K, capacity 35340K, committed 35456K, reserved 1079296K
  class space    used 4763K, capacity 4945K, committed 4992K, reserved 1048576K
Event: 43.764 GC heap after
Heap after GC invocations=8 (full 1):
 PSYoungGen      total 139776K, used 11750K [0x00000000e0000000, 0x00000000ede00000, 0x0000000100000000)
  eden space 128000K, 0% used [0x00000000e0000000,0x00000000e0000000,0x00000000e7d00000)
  from space 11776K, 99% used [0x00000000e7d00000,0x00000000e8879900,0x00000000e8880000)
  to   space 14336K, 0% used [0x00000000ed000000,0x00000000ed000000,0x00000000ede00000)
 ParOldGen       total 58368K, used 12162K [0x00000000a0000000, 0x00000000a3900000, 0x00000000e0000000)
  object space 58368K, 20% used [0x00000000a0000000,0x00000000a0be0890,0x00000000a3900000)
 Metaspace       used 34627K, capacity 35340K, committed 35456K, reserved 1079296K
  class space    used 4763K, capacity 4945K, committed 4992K, reserved 1048576K
}
Event: 43.764 GC heap before
{Heap before GC invocations=9 (full 2):
 PSYoungGen      total 139776K, used 11750K [0x00000000e0000000, 0x00000000ede00000, 0x0000000100000000)
  eden space 128000K, 0% used [0x00000000e0000000,0x00000000e0000000,0x00000000e7d00000)
  from space 11776K, 99% used [0x00000000e7d00000,0x00000000e8879900,0x00000000e8880000)
  to   space 14336K, 0% used [0x00000000ed000000,0x00000000ed000000,0x00000000ede00000)
 ParOldGen       total 58368K, used 12162K [0x00000000a0000000, 0x00000000a3900000, 0x00000000e0000000)
  object space 58368K, 20% used [0x00000000a0000000,0x00000000a0be0890,0x00000000a3900000)
 Metaspace       used 34627K, capacity 35340K, committed 35456K, reserved 1079296K
  class space    used 4763K, capacity 4945K, committed 4992K, reserved 1048576K
Event: 44.369 GC heap after
Heap after GC invocations=9 (full 2):
 PSYoungGen      total 139776K, used 0K [0x00000000e0000000, 0x00000000ede00000, 0x0000000100000000)
  eden space 128000K, 0% used [0x00000000e0000000,0x00000000e0000000,0x00000000e7d00000)
  from space 11776K, 0% used [0x00000000e7d00000,0x00000000e7d00000,0x00000000e8880000)
  to   space 14336K, 0% used [0x00000000ed000000,0x00000000ed000000,0x00000000ede00000)
 ParOldGen       total 94720K, used 19565K [0x00000000a0000000, 0x00000000a5c80000, 0x00000000e0000000)
  object space 94720K, 20% used [0x00000000a0000000,0x00000000a131b498,0x00000000a5c80000)
 Metaspace       used 34627K, capacity 35340K, committed 35456K, reserved 1079296K
  class space    used 4763K, capacity 4945K, committed 4992K, reserved 1048576K
}
Event: 57.130 GC heap before
{Heap before GC invocations=10 (full 2):
 PSYoungGen      total 139776K, used 128000K [0x00000000e0000000, 0x00000000ede00000, 0x0000000100000000)
  eden space 128000K, 100% used [0x00000000e0000000,0x00000000e7d00000,0x00000000e7d00000)
  from space 11776K, 0% used [0x00000000e7d00000,0x00000000e7d00000,0x00000000e8880000)
  to   space 14336K, 0% used [0x00000000ed000000,0x00000000ed000000,0x00000000ede00000)
 ParOldGen       total 94720K, used 19565K [0x00000000a0000000, 0x00000000a5c80000, 0x00000000e0000000)
  object space 94720K, 20% used [0x00000000a0000000,0x00000000a131b498,0x00000000a5c80000)
 Metaspace       used 46319K, capacity 47416K, committed 47488K, reserved 1089536K
  class space    used 6220K, capacity 6511K, committed 6528K, reserved 1048576K
Event: 57.170 GC heap after
Heap after GC invocations=10 (full 2):
 PSYoungGen      total 177664K, used 14328K [0x00000000e0000000, 0x00000000ede00000, 0x0000000100000000)
  eden space 163328K, 0% used [0x00000000e0000000,0x00000000e0000000,0x00000000e9f80000)
  from space 14336K, 99% used [0x00000000ed000000,0x00000000eddfe308,0x00000000ede00000)
  to   space 17408K, 0% used [0x00000000ebc00000,0x00000000ebc00000,0x00000000ecd00000)
 ParOldGen       total 94720K, used 22343K [0x00000000a0000000, 0x00000000a5c80000, 0x00000000e0000000)
  object space 94720K, 23% used [0x00000000a0000000,0x00000000a15d1f60,0x00000000a5c80000)
 Metaspace       used 46319K, capacity 47416K, committed 47488K, reserved 1089536K
  class space    used 6220K, capacity 6511K, committed 6528K, reserved 1048576K
}
Event: 65.576 GC heap before
{Heap before GC invocations=11 (full 2):
 PSYoungGen      total 177664K, used 152674K [0x00000000e0000000, 0x00000000ede00000, 0x0000000100000000)
  eden space 163328K, 84% used [0x00000000e0000000,0x00000000e871a640,0x00000000e9f80000)
  from space 14336K, 99% used [0x00000000ed000000,0x00000000eddfe308,0x00000000ede00000)
  to   space 17408K, 0% used [0x00000000ebc00000,0x00000000ebc00000,0x00000000ecd00000)
 ParOldGen       total 94720K, used 22343K [0x00000000a0000000, 0x00000000a5c80000, 0x00000000e0000000)
  object space 94720K, 23% used [0x00000000a0000000,0x00000000a15d1f60,0x00000000a5c80000)
 Metaspace       used 57409K, capacity 59002K, committed 59096K, reserved 1099776K
  class space    used 7766K, capacity 8164K, committed 8192K, reserved 1048576K
Event: 65.745 GC heap after
Heap after GC invocations=11 (full 2):
 PSYoungGen      total 209920K, used 17407K [0x00000000e0000000, 0x00000000eea80000, 0x0000000100000000)
  eden space 192512K, 0% used [0x00000000e0000000,0x00000000e0000000,0x00000000ebc00000)
  from space 17408K, 99% used [0x00000000ebc00000,0x00000000eccfff58,0x00000000ecd00000)
  to   space 22016K, 0% used [0x00000000ed500000,0x00000000ed500000,0x00000000eea80000)
 ParOldGen       total 94720K, used 27576K [0x00000000a0000000, 0x00000000a5c80000, 0x00000000e0000000)
  object space 94720K, 29% used [0x00000000a0000000,0x00000000a1aee2f0,0x00000000a5c80000)
 Metaspace       used 57409K, capacity 59002K, committed 59096K, reserved 1099776K
  class space    used 7766K, capacity 8164K, committed 8192K, reserved 1048576K
}
Event: 65.745 GC heap before
{Heap before GC invocations=12 (full 3):
 PSYoungGen      total 209920K, used 17407K [0x00000000e0000000, 0x00000000eea80000, 0x0000000100000000)
  eden space 192512K, 0% used [0x00000000e0000000,0x00000000e0000000,0x00000000ebc00000)
  from space 17408K, 99% used [0x00000000ebc00000,0x00000000eccfff58,0x00000000ecd00000)
  to   space 22016K, 0% used [0x00000000ed500000,0x00000000ed500000,0x00000000eea80000)
 ParOldGen       total 94720K, used 27576K [0x00000000a0000000, 0x00000000a5c80000, 0x00000000e0000000)
  object space 94720K, 29% used [0x00000000a0000000,0x00000000a1aee2f0,0x00000000a5c80000)
 Metaspace       used 57409K, capacity 59002K, committed 59096K, reserved 1099776K
  class space    used 7766K, capacity 8164K, committed 8192K, reserved 1048576K
Event: 66.402 GC heap after
Heap after GC invocations=12 (full 3):
 PSYoungGen      total 209920K, used 0K [0x00000000e0000000, 0x00000000eea80000, 0x0000000100000000)
  eden space 192512K, 0% used [0x00000000e0000000,0x00000000e0000000,0x00000000ebc00000)
  from space 17408K, 0% used [0x00000000ebc00000,0x00000000ebc00000,0x00000000ecd00000)
  to   space 22016K, 0% used [0x00000000ed500000,0x00000000ed500000,0x00000000eea80000)
 ParOldGen       total 141312K, used 36649K [0x00000000a0000000, 0x00000000a8a00000, 0x00000000e0000000)
  object space 141312K, 25% used [0x00000000a0000000,0x00000000a23ca450,0x00000000a8a00000)
 Metaspace       used 57409K, capacity 59002K, committed 59096K, reserved 1099776K
  class space    used 7766K, capacity 8164K, committed 8192K, reserved 1048576K
}

Deoptimization events (10 events):
Event: 65.374 Thread 0x0000000019b3b000 Uncommon trap: reason=class_check action=maybe_recompile pc=0x00000000035e74e8 method=java.io.DataInputStream.readUnsignedShort()I @ 4
Event: 65.374 Thread 0x0000000019b3b000 Uncommon trap: reason=class_check action=maybe_recompile pc=0x00000000035e74e8 method=java.io.DataInputStream.readUnsignedShort()I @ 4
Event: 65.374 Thread 0x0000000019b3b000 Uncommon trap: reason=class_check action=maybe_recompile pc=0x00000000035e74e8 method=java.io.DataInputStream.readUnsignedShort()I @ 4
Event: 65.375 Thread 0x0000000019b3b000 Uncommon trap: reason=class_check action=maybe_recompile pc=0x00000000035e74e8 method=java.io.DataInputStream.readUnsignedShort()I @ 4
Event: 66.821 Thread 0x0000000019b3b000 Uncommon trap: reason=unstable_if action=reinterpret pc=0x00000000035c61e8 method=java.util.regex.Pattern$BmpCharProperty.match(Ljava/util/regex/Matcher;ILjava/lang/CharSequence;)Z @ 34
Event: 66.852 Thread 0x0000000019b3b000 Uncommon trap: reason=unstable_if action=reinterpret pc=0x000000000400dbf0 method=com.sun.org.apache.xerces.internal.impl.XMLEntityScanner.scanLiteral(ILcom/sun/org/apache/xerces/internal/xni/XMLString;Z)I @ 660
Event: 66.867 Thread 0x0000000019b3b000 Uncommon trap: reason=unstable_if action=reinterpret pc=0x0000000004073938 method=com.sun.org.apache.xerces.internal.impl.XMLEntityScanner.peekChar()I @ 14
Event: 66.881 Thread 0x0000000019b3b000 Uncommon trap: reason=unstable_if action=reinterpret pc=0x000000000401d300 method=com.sun.org.apache.xerces.internal.util.SymbolTable.addSymbol([CII)Ljava/lang/String; @ 38
Event: 70.730 Thread 0x0000000019b3b000 Uncommon trap: reason=unstable_if action=reinterpret pc=0x00000000032e9824 method=com.esotericsoftware.kryo.io.Input.readString()Ljava/lang/String; @ 38
Event: 74.344 Thread 0x0000000019b3b000 Uncommon trap: reason=class_check action=maybe_recompile pc=0x0000000003eceedc method=java.util.Collections$SetFromMap.add(Ljava/lang/Object;)Z @ 8

Classes redefined (0 events):
No events

Internal exceptions (10 events):
Event: 61.468 Thread 0x0000000019b3b000 Exception <a 'java/lang/ClassNotFoundException': com/android/build/gradle/internal/api/ApkVariantOutputImplCustomizer> (0x00000000e490e0b0) thrown at [D:\src\AOSP-openjdk-cygwin\jdk8u\hotspot\src\share\vm\classfile\systemDictionary.cpp, line 210]
Event: 61.470 Thread 0x0000000019b3b000 Exception <a 'java/lang/ClassNotFoundException': com/android/build/gradle/internal/api/ApkVariantOutputImpl_DecoratedCustomizer> (0x00000000e4941138) thrown at [D:\src\AOSP-openjdk-cygwin\jdk8u\hotspot\src\share\vm\classfile\systemDictionary.cpp, line 210
Event: 62.039 Thread 0x0000000019b3b000 Implicit null exception at 0x0000000003ccce04 to 0x0000000003ccd1d9
Event: 63.313 Thread 0x0000000019b3b000 Exception <a 'java/lang/NoSuchMethodError': java.lang.Object.lambda$static$0(Ljava/util/Set;Ljava/util/Set;)Z> (0x00000000e668a5b8) thrown at [D:\src\AOSP-openjdk-cygwin\jdk8u\hotspot\src\share\vm\interpreter\linkResolver.cpp, line 620]
Event: 63.314 Thread 0x0000000019b3b000 Exception <a 'java/lang/NoSuchMethodError': java.lang.Object.lambda$static$1(Ljava/util/Set;Ljava/util/Set;)Z> (0x00000000e668d528) thrown at [D:\src\AOSP-openjdk-cygwin\jdk8u\hotspot\src\share\vm\interpreter\linkResolver.cpp, line 620]
Event: 63.315 Thread 0x0000000019b3b000 Exception <a 'java/lang/NoSuchMethodError': java.lang.Object.lambda$static$2(Ljava/util/Set;Ljava/util/Set;)Z> (0x00000000e6690068) thrown at [D:\src\AOSP-openjdk-cygwin\jdk8u\hotspot\src\share\vm\interpreter\linkResolver.cpp, line 620]
Event: 63.315 Thread 0x0000000019b3b000 Exception <a 'java/lang/NoSuchMethodError': java.lang.Object.lambda$static$3(Ljava/util/Set;Ljava/util/Set;)Z> (0x00000000e6692ba8) thrown at [D:\src\AOSP-openjdk-cygwin\jdk8u\hotspot\src\share\vm\interpreter\linkResolver.cpp, line 620]
Event: 63.316 Thread 0x0000000019b3b000 Exception <a 'java/lang/NoSuchMethodError': java.lang.Object.lambda$static$4(Ljava/util/Set;Ljava/util/Set;)Z> (0x00000000e66956e8) thrown at [D:\src\AOSP-openjdk-cygwin\jdk8u\hotspot\src\share\vm\interpreter\linkResolver.cpp, line 620]
Event: 63.564 Thread 0x0000000019b3b000 Exception <a 'java/lang/ClassNotFoundException': com/sun/org/glassfish/hk2/osgiresourcelocator/ServiceLoader> (0x00000000e6d02268) thrown at [D:\src\AOSP-openjdk-cygwin\jdk8u\hotspot\src\share\vm\classfile\systemDictionary.cpp, line 210]
Event: 64.029 Thread 0x0000000019b3b000 Exception <a 'java/lang/NullPointerException'> (0x00000000e7265d58) thrown at [D:\src\AOSP-openjdk-cygwin\jdk8u\hotspot\src\share\vm\interpreter\linkResolver.cpp, line 1287]

Events (10 events):
Event: 74.378 loading class org/gradle/api/internal/artifacts/transform/TransformationSubject
Event: 74.378 loading class org/gradle/api/internal/artifacts/transform/TransformationSubject done
Event: 74.379 loading class org/gradle/api/internal/artifacts/transform/TransformationSubject$InitialArtifactTransformationSubject
Event: 74.379 loading class org/gradle/api/internal/artifacts/transform/TransformationSubject$InitialArtifactTransformationSubject done
Event: 74.380 loading class org/gradle/api/internal/artifacts/transform/TransformationSubject$AbstractInitialTransformationSubject
Event: 74.380 loading class org/gradle/api/internal/artifacts/transform/TransformationSubject$AbstractInitialTransformationSubject done
Event: 74.381 loading class org/gradle/api/internal/artifacts/transform/TransformationSubject$InitialFileTransformationSubject
Event: 74.381 loading class org/gradle/api/internal/artifacts/transform/TransformationSubject$InitialFileTransformationSubject done
Event: 74.381 loading class org/gradle/api/internal/artifacts/transform/TransformationSubject$SubsequentTransformationSubject
Event: 74.381 loading class org/gradle/api/internal/artifacts/transform/TransformationSubject$SubsequentTransformationSubject done


Dynamic libraries:
0x00007ff6e00d0000 - 0x00007ff6e0101000 	C:\Program Files\Android\Android Studio\jre\bin\java.exe
0x00007ffb06f70000 - 0x00007ffb07151000 	C:\WINDOWS\SYSTEM32\ntdll.dll
0x00007ffb06d90000 - 0x00007ffb06e41000 	C:\WINDOWS\System32\KERNEL32.DLL
0x00007ffb038c0000 - 0x00007ffb03b33000 	C:\WINDOWS\System32\KERNELBASE.dll
0x00007ffb06bb0000 - 0x00007ffb06c51000 	C:\WINDOWS\System32\ADVAPI32.dll
0x00007ffb046e0000 - 0x00007ffb0477e000 	C:\WINDOWS\System32\msvcrt.dll
0x00007ffb069b0000 - 0x00007ffb06a0b000 	C:\WINDOWS\System32\sechost.dll
0x00007ffb04780000 - 0x00007ffb048a4000 	C:\WINDOWS\System32\RPCRT4.dll
0x00007ffb06820000 - 0x00007ffb069b0000 	C:\WINDOWS\System32\USER32.dll
0x00007ffb035a0000 - 0x00007ffb035c0000 	C:\WINDOWS\System32\win32u.dll
0x00007ffb048c0000 - 0x00007ffb048e8000 	C:\WINDOWS\System32\GDI32.dll
0x00007ffb03b40000 - 0x00007ffb03cd1000 	C:\WINDOWS\System32\gdi32full.dll
0x00007ffb03400000 - 0x00007ffb0349f000 	C:\WINDOWS\System32\msvcp_win.dll
0x00007ffb034a0000 - 0x00007ffb03598000 	C:\WINDOWS\System32\ucrtbase.dll
0x00007ffaf4b20000 - 0x00007ffaf4d89000 	C:\WINDOWS\WinSxS\amd64_microsoft.windows.common-controls_6595b64144ccf1df_6.0.17134.1006_none_d3fbb8f77c940c3f\COMCTL32.dll
0x00007ffb04ed0000 - 0x00007ffb051f1000 	C:\WINDOWS\System32\combase.dll
0x00007ffb03380000 - 0x00007ffb033f9000 	C:\WINDOWS\System32\bcryptPrimitives.dll
0x00007ffb05200000 - 0x00007ffb0522d000 	C:\WINDOWS\System32\IMM32.DLL
0x000000006cb90000 - 0x000000006cc62000 	C:\Program Files\Android\Android Studio\jre\jre\bin\msvcr100.dll
0x000000006cd20000 - 0x000000006d566000 	C:\Program Files\Android\Android Studio\jre\jre\bin\server\jvm.dll
0x00007ffb04570000 - 0x00007ffb04578000 	C:\WINDOWS\System32\PSAPI.DLL
0x00007ffaf23b0000 - 0x00007ffaf23b9000 	C:\WINDOWS\SYSTEM32\WSOCK32.dll
0x00007ffb06e50000 - 0x00007ffb06ebc000 	C:\WINDOWS\System32\WS2_32.dll
0x00007ffaffad0000 - 0x00007ffaffaf3000 	C:\WINDOWS\SYSTEM32\WINMM.dll
0x00007ffaf4a40000 - 0x00007ffaf4a4a000 	C:\WINDOWS\SYSTEM32\VERSION.dll
0x00007ffaffaa0000 - 0x00007ffaffaca000 	C:\WINDOWS\SYSTEM32\WINMMBASE.dll
0x00007ffb03330000 - 0x00007ffb03379000 	C:\WINDOWS\System32\cfgmgr32.dll
0x00007ffaf8bf0000 - 0x00007ffaf8bff000 	C:\Program Files\Android\Android Studio\jre\jre\bin\verify.dll
0x00007ffadfb90000 - 0x00007ffadfbb9000 	C:\Program Files\Android\Android Studio\jre\jre\bin\java.dll
0x00007ffae4c50000 - 0x00007ffae4c66000 	C:\Program Files\Android\Android Studio\jre\jre\bin\zip.dll
0x00007ffb053b0000 - 0x00007ffb067f2000 	C:\WINDOWS\System32\SHELL32.dll
0x00007ffb04450000 - 0x00007ffb044f9000 	C:\WINDOWS\System32\shcore.dll
0x00007ffb03ce0000 - 0x00007ffb043ee000 	C:\WINDOWS\System32\windows.storage.dll
0x00007ffb06d30000 - 0x00007ffb06d81000 	C:\WINDOWS\System32\shlwapi.dll
0x00007ffb032a0000 - 0x00007ffb032b1000 	C:\WINDOWS\System32\kernel.appcore.dll
0x00007ffb03310000 - 0x00007ffb0332f000 	C:\WINDOWS\System32\profapi.dll
0x00007ffb032c0000 - 0x00007ffb0330c000 	C:\WINDOWS\System32\powrprof.dll
0x00007ffb03290000 - 0x00007ffb0329a000 	C:\WINDOWS\System32\FLTLIB.DLL
0x00007ffae0580000 - 0x00007ffae059a000 	C:\Program Files\Android\Android Studio\jre\jre\bin\net.dll
0x00007ffb02a90000 - 0x00007ffb02af6000 	C:\WINDOWS\system32\mswsock.dll
0x00007ffae0110000 - 0x00007ffae0121000 	C:\Program Files\Android\Android Studio\jre\jre\bin\nio.dll
0x00007ffad12c0000 - 0x00007ffad12e6000 	C:\Users\jack2\.gradle\native\29\windows-amd64\native-platform.dll
0x00007ffaf5110000 - 0x00007ffaf511d000 	C:\Program Files\Android\Android Studio\jre\jre\bin\management.dll
0x00007ffb02c40000 - 0x00007ffb02c57000 	C:\WINDOWS\SYSTEM32\CRYPTSP.dll
0x00007ffb02640000 - 0x00007ffb02673000 	C:\WINDOWS\system32\rsaenh.dll
0x00007ffb02d70000 - 0x00007ffb02d95000 	C:\WINDOWS\SYSTEM32\bcrypt.dll
0x00007ffb03170000 - 0x00007ffb03198000 	C:\WINDOWS\SYSTEM32\USERENV.dll
0x00007ffb02c60000 - 0x00007ffb02c6b000 	C:\WINDOWS\SYSTEM32\CRYPTBASE.dll
0x00007ffb027e0000 - 0x00007ffb02818000 	C:\WINDOWS\SYSTEM32\IPHLPAPI.DLL
0x00007ffb04500000 - 0x00007ffb04508000 	C:\WINDOWS\System32\NSI.dll
0x00007ffaf7770000 - 0x00007ffaf7786000 	C:\WINDOWS\SYSTEM32\dhcpcsvc6.DLL
0x00007ffaf7750000 - 0x00007ffaf776a000 	C:\WINDOWS\SYSTEM32\dhcpcsvc.DLL

VM Arguments:
jvm_args: -Xmx1536m -Dfile.encoding=windows-1252 -Duser.country=US -Duser.language=en -Duser.variant 
java_command: org.gradle.launcher.daemon.bootstrap.GradleDaemon 5.4.1
java_class_path (initial): C:\Users\jack2\.gradle\wrapper\dists\gradle-5.4.1-all\3221gyojl5jsh0helicew7rwx\gradle-5.4.1\lib\gradle-launcher-5.4.1.jar
Launcher Type: SUN_STANDARD

Environment Variables:
PATH=C:\ProgramData\Oracle\Java\javapath;C:\Program Files (x86)\Intel\iCLS Client\;C:\Program Files\Intel\iCLS Client\;C:\WINDOWS\system32;C:\WINDOWS;C:\WINDOWS\System32\Wbem;C:\WINDOWS\System32\WindowsPowerShell\v1.0\;C:\Program Files (x86)\Intel\Intel(R) Management Engine Components\DAL;C:\Program Files\Intel\Intel(R) Management Engine Components\DAL;C:\Program Files (x86)\Intel\Intel(R) Management Engine Components\IPT;C:\Program Files\Intel\Intel(R) Management Engine Components\IPT;C:\WINDOWS\System32\OpenSSH\;C:\Program Files\Intel\WiFi\bin\;C:\Program Files\Common Files\Intel\WirelessCommon\;C:\Program Files (x86)\Wolfram Research\WolframScript\;C:\Program Files\Git\cmd;C:\Users\jack2\AppData\Local\Microsoft\WindowsApps;
USERNAME=jack2
OS=Windows_NT
PROCESSOR_IDENTIFIER=Intel64 Family 6 Model 142 Stepping 9, GenuineIntel



---------------  S Y S T E M  ---------------

OS: Windows 10.0 , 64 bit Build 17134 (10.0.17134.753)

CPU:total 4 (initial active 4) (2 cores per cpu, 2 threads per core) family 6 model 142 stepping 9, cmov, cx8, fxsr, mmx, sse, sse2, sse3, ssse3, sse4.1, sse4.2, popcnt, avx, avx2, aes, clmul, erms, 3dnowpref, lzcnt, ht, tsc, tscinvbit, bmi1, bmi2, adx

Memory: 4k page, physical 8251532k(385052k free), swap 22352648k(3660k free)

vm_info: OpenJDK 64-Bit Server VM (25.202-b03) for windows-amd64 JRE (1.8.0_202-release-1483-b03), built by "builder" with MS VC++ 10.0 (VS2010)

time: Mon Oct 21 20:40:25 2019
timezone: Eastern Daylight Time
elapsed time: 74 seconds (0d 0h 1m 14s)

